<?xml version="1.0" encoding="UTF-8"?>
<!-- Generated by org.testng.reporters.JUnitReportReporter -->
<testsuite skipped="0" hostname="HDRC03390" name="com.Test.Project.TestHelloworld" tests="1" failures="0" timestamp="2022-09-05T20:20:39 IST" time="0.004" errors="0">
  <testcase name="helloworldTest" time="0.004" classname="com.Test.Project.TestHelloworld"/>
  <system-out/>
</testsuite> <!-- com.Test.Project.TestHelloworld -->
